<?xml version="1.0" encoding="UTF-8"?>
<!-- Generated by org.testng.reporters.JUnitReportReporter -->
<testsuite hostname="LAPTOP-4KUHDTCQ" failures="0" tests="1" name="com.ww.question2.AccessElementsOnSite" time="13.015" errors="0" timestamp="05 Aug 2018 18:37:12 GMT" skipped="0">
  <testcase classname="com.ww.question2.AccessElementsOnSite" name="accessWebElements" time="13.015"/>
</testsuite> <!-- com.ww.question2.AccessElementsOnSite -->
